2020-10-18 01:17:15 [INFO ] c.sbs.example.lolHi.LolHiApplication - Starting LolHiApplication on DESKTOP-AOHAGNP with PID 19272 (E:\work\sts-4.8.0.RELEASE-workspace\lolHi\target\classes started by lim in E:\work\sts-4.8.0.RELEASE-workspace\lolHi)
2020-10-18 01:17:15 [INFO ] c.sbs.example.lolHi.LolHiApplication - The following profiles are active: local
2020-10-18 01:17:15 [INFO ] o.s.b.w.e.tomcat.TomcatWebServer - Tomcat initialized with port(s): 8085 (http)
2020-10-18 01:17:15 [INFO ] o.a.catalina.core.StandardService - Starting service [Tomcat]
2020-10-18 01:17:15 [INFO ] o.a.catalina.core.StandardEngine - Starting Servlet engine: [Apache Tomcat/9.0.38]
2020-10-18 01:17:15 [INFO ] o.a.c.c.C.[Tomcat].[localhost].[/] - Initializing Spring embedded WebApplicationContext
2020-10-18 01:17:15 [INFO ] o.s.b.w.s.c.ServletWebServerApplicationContext - Root WebApplicationContext: initialization completed in 139 ms
2020-10-18 01:17:15 [INFO ] o.s.s.c.ThreadPoolTaskExecutor - Initializing ExecutorService 'applicationTaskExecutor'
2020-10-18 01:17:15 [INFO ] o.s.b.d.a.OptionalLiveReloadServer - LiveReload server is running on port 35729
2020-10-18 01:17:15 [INFO ] o.s.b.w.e.tomcat.TomcatWebServer - Tomcat started on port(s): 8085 (http) with context path ''
2020-10-18 01:17:15 [INFO ] c.sbs.example.lolHi.LolHiApplication - Started LolHiApplication in 0.227 seconds (JVM running for 1948.609)
2020-10-18 01:17:15 [INFO ] o.s.b.d.a.ConditionEvaluationDeltaLoggingListener - Condition evaluation unchanged
2020-10-18 01:17:45 [INFO ] o.s.s.c.ThreadPoolTaskExecutor - Shutting down ExecutorService 'applicationTaskExecutor'
2020-10-18 01:17:45 [INFO ] c.sbs.example.lolHi.LolHiApplication - Starting LolHiApplication on DESKTOP-AOHAGNP with PID 19272 (E:\work\sts-4.8.0.RELEASE-workspace\lolHi\target\classes started by lim in E:\work\sts-4.8.0.RELEASE-workspace\lolHi)
2020-10-18 01:17:45 [INFO ] c.sbs.example.lolHi.LolHiApplication - The following profiles are active: local
2020-10-18 01:17:45 [INFO ] o.s.b.w.e.tomcat.TomcatWebServer - Tomcat initialized with port(s): 8085 (http)
2020-10-18 01:17:45 [INFO ] o.a.catalina.core.StandardService - Starting service [Tomcat]
2020-10-18 01:17:45 [INFO ] o.a.catalina.core.StandardEngine - Starting Servlet engine: [Apache Tomcat/9.0.38]
2020-10-18 01:17:45 [INFO ] o.a.c.c.C.[Tomcat].[localhost].[/] - Initializing Spring embedded WebApplicationContext
2020-10-18 01:17:45 [INFO ] o.s.b.w.s.c.ServletWebServerApplicationContext - Root WebApplicationContext: initialization completed in 118 ms
2020-10-18 01:17:45 [INFO ] o.s.s.c.ThreadPoolTaskExecutor - Initializing ExecutorService 'applicationTaskExecutor'
2020-10-18 01:17:45 [INFO ] o.s.b.d.a.OptionalLiveReloadServer - LiveReload server is running on port 35729
2020-10-18 01:17:45 [INFO ] o.s.b.w.e.tomcat.TomcatWebServer - Tomcat started on port(s): 8085 (http) with context path ''
2020-10-18 01:17:45 [INFO ] c.sbs.example.lolHi.LolHiApplication - Started LolHiApplication in 0.203 seconds (JVM running for 1978.521)
2020-10-18 01:17:45 [INFO ] o.s.b.d.a.ConditionEvaluationDeltaLoggingListener - Condition evaluation unchanged
2020-10-18 01:23:24 [INFO ] o.s.s.c.ThreadPoolTaskExecutor - Shutting down ExecutorService 'applicationTaskExecutor'
2020-10-18 01:23:24 [INFO ] c.sbs.example.lolHi.LolHiApplication - Starting LolHiApplication on DESKTOP-AOHAGNP with PID 19272 (E:\work\sts-4.8.0.RELEASE-workspace\lolHi\target\classes started by lim in E:\work\sts-4.8.0.RELEASE-workspace\lolHi)
2020-10-18 01:23:24 [INFO ] c.sbs.example.lolHi.LolHiApplication - The following profiles are active: local
2020-10-18 01:23:24 [INFO ] o.s.b.w.e.tomcat.TomcatWebServer - Tomcat initialized with port(s): 8085 (http)
2020-10-18 01:23:24 [INFO ] o.a.catalina.core.StandardService - Starting service [Tomcat]
2020-10-18 01:23:24 [INFO ] o.a.catalina.core.StandardEngine - Starting Servlet engine: [Apache Tomcat/9.0.38]
2020-10-18 01:23:24 [INFO ] o.a.c.c.C.[Tomcat].[localhost].[/] - Initializing Spring embedded WebApplicationContext
2020-10-18 01:23:24 [INFO ] o.s.b.w.s.c.ServletWebServerApplicationContext - Root WebApplicationContext: initialization completed in 119 ms
2020-10-18 01:23:24 [INFO ] o.s.s.c.ThreadPoolTaskExecutor - Initializing ExecutorService 'applicationTaskExecutor'
2020-10-18 01:23:24 [INFO ] o.s.b.d.a.OptionalLiveReloadServer - LiveReload server is running on port 35729
2020-10-18 01:23:24 [INFO ] o.s.b.w.e.tomcat.TomcatWebServer - Tomcat started on port(s): 8085 (http) with context path ''
2020-10-18 01:23:24 [INFO ] c.sbs.example.lolHi.LolHiApplication - Started LolHiApplication in 0.198 seconds (JVM running for 2317.629)
2020-10-18 01:23:24 [INFO ] o.s.b.d.a.ConditionEvaluationDeltaLoggingListener - Condition evaluation unchanged
2020-10-18 01:24:33 [INFO ] o.s.s.c.ThreadPoolTaskExecutor - Shutting down ExecutorService 'applicationTaskExecutor'
2020-10-18 01:24:33 [INFO ] c.sbs.example.lolHi.LolHiApplication - Starting LolHiApplication on DESKTOP-AOHAGNP with PID 19272 (E:\work\sts-4.8.0.RELEASE-workspace\lolHi\target\classes started by lim in E:\work\sts-4.8.0.RELEASE-workspace\lolHi)
2020-10-18 01:24:33 [INFO ] c.sbs.example.lolHi.LolHiApplication - The following profiles are active: local
2020-10-18 01:24:33 [INFO ] o.s.b.w.e.tomcat.TomcatWebServer - Tomcat initialized with port(s): 8085 (http)
2020-10-18 01:24:33 [INFO ] o.a.catalina.core.StandardService - Starting service [Tomcat]
2020-10-18 01:24:33 [INFO ] o.a.catalina.core.StandardEngine - Starting Servlet engine: [Apache Tomcat/9.0.38]
2020-10-18 01:24:33 [INFO ] o.a.c.c.C.[Tomcat].[localhost].[/] - Initializing Spring embedded WebApplicationContext
2020-10-18 01:24:33 [INFO ] o.s.b.w.s.c.ServletWebServerApplicationContext - Root WebApplicationContext: initialization completed in 115 ms
2020-10-18 01:24:33 [INFO ] o.s.s.c.ThreadPoolTaskExecutor - Initializing ExecutorService 'applicationTaskExecutor'
2020-10-18 01:24:33 [INFO ] o.s.b.d.a.OptionalLiveReloadServer - LiveReload server is running on port 35729
2020-10-18 01:24:33 [INFO ] o.s.b.w.e.tomcat.TomcatWebServer - Tomcat started on port(s): 8085 (http) with context path ''
2020-10-18 01:24:33 [INFO ] c.sbs.example.lolHi.LolHiApplication - Started LolHiApplication in 0.189 seconds (JVM running for 2386.72)
2020-10-18 01:24:33 [INFO ] o.s.b.d.a.ConditionEvaluationDeltaLoggingListener - Condition evaluation unchanged
2020-10-18 01:25:53 [INFO ] o.s.s.c.ThreadPoolTaskExecutor - Shutting down ExecutorService 'applicationTaskExecutor'
2020-10-18 01:25:53 [INFO ] c.sbs.example.lolHi.LolHiApplication - Starting LolHiApplication on DESKTOP-AOHAGNP with PID 19272 (E:\work\sts-4.8.0.RELEASE-workspace\lolHi\target\classes started by lim in E:\work\sts-4.8.0.RELEASE-workspace\lolHi)
2020-10-18 01:25:53 [INFO ] c.sbs.example.lolHi.LolHiApplication - The following profiles are active: local
2020-10-18 01:25:53 [INFO ] o.s.b.w.e.tomcat.TomcatWebServer - Tomcat initialized with port(s): 8085 (http)
2020-10-18 01:25:53 [INFO ] o.a.catalina.core.StandardService - Starting service [Tomcat]
2020-10-18 01:25:53 [INFO ] o.a.catalina.core.StandardEngine - Starting Servlet engine: [Apache Tomcat/9.0.38]
2020-10-18 01:25:53 [INFO ] o.a.c.c.C.[Tomcat].[localhost].[/] - Initializing Spring embedded WebApplicationContext
2020-10-18 01:25:53 [INFO ] o.s.b.w.s.c.ServletWebServerApplicationContext - Root WebApplicationContext: initialization completed in 124 ms
2020-10-18 01:25:54 [INFO ] o.s.s.c.ThreadPoolTaskExecutor - Initializing ExecutorService 'applicationTaskExecutor'
2020-10-18 01:25:54 [INFO ] o.s.b.d.a.OptionalLiveReloadServer - LiveReload server is running on port 35729
2020-10-18 01:25:54 [INFO ] o.s.b.w.e.tomcat.TomcatWebServer - Tomcat started on port(s): 8085 (http) with context path ''
2020-10-18 01:25:54 [INFO ] c.sbs.example.lolHi.LolHiApplication - Started LolHiApplication in 0.206 seconds (JVM running for 2467.329)
2020-10-18 01:25:54 [INFO ] o.s.b.d.a.ConditionEvaluationDeltaLoggingListener - Condition evaluation unchanged
2020-10-18 01:27:30 [INFO ] o.s.s.c.ThreadPoolTaskExecutor - Shutting down ExecutorService 'applicationTaskExecutor'
2020-10-18 01:27:30 [INFO ] c.sbs.example.lolHi.LolHiApplication - Starting LolHiApplication on DESKTOP-AOHAGNP with PID 19272 (E:\work\sts-4.8.0.RELEASE-workspace\lolHi\target\classes started by lim in E:\work\sts-4.8.0.RELEASE-workspace\lolHi)
2020-10-18 01:27:30 [INFO ] c.sbs.example.lolHi.LolHiApplication - The following profiles are active: local
2020-10-18 01:27:30 [INFO ] o.s.b.w.e.tomcat.TomcatWebServer - Tomcat initialized with port(s): 8085 (http)
2020-10-18 01:27:30 [INFO ] o.a.catalina.core.StandardService - Starting service [Tomcat]
2020-10-18 01:27:30 [INFO ] o.a.catalina.core.StandardEngine - Starting Servlet engine: [Apache Tomcat/9.0.38]
2020-10-18 01:27:30 [INFO ] o.a.c.c.C.[Tomcat].[localhost].[/] - Initializing Spring embedded WebApplicationContext
2020-10-18 01:27:30 [INFO ] o.s.b.w.s.c.ServletWebServerApplicationContext - Root WebApplicationContext: initialization completed in 112 ms
2020-10-18 01:27:30 [INFO ] o.s.s.c.ThreadPoolTaskExecutor - Initializing ExecutorService 'applicationTaskExecutor'
2020-10-18 01:27:30 [INFO ] o.s.b.d.a.OptionalLiveReloadServer - LiveReload server is running on port 35729
2020-10-18 01:27:30 [INFO ] o.s.b.w.e.tomcat.TomcatWebServer - Tomcat started on port(s): 8085 (http) with context path ''
2020-10-18 01:27:30 [INFO ] c.sbs.example.lolHi.LolHiApplication - Started LolHiApplication in 0.183 seconds (JVM running for 2563.868)
2020-10-18 01:27:30 [INFO ] o.s.b.d.a.ConditionEvaluationDeltaLoggingListener - Condition evaluation unchanged
2020-10-18 01:28:35 [INFO ] o.s.s.c.ThreadPoolTaskExecutor - Shutting down ExecutorService 'applicationTaskExecutor'
2020-10-18 01:28:35 [INFO ] c.sbs.example.lolHi.LolHiApplication - Starting LolHiApplication on DESKTOP-AOHAGNP with PID 19272 (E:\work\sts-4.8.0.RELEASE-workspace\lolHi\target\classes started by lim in E:\work\sts-4.8.0.RELEASE-workspace\lolHi)
2020-10-18 01:28:35 [INFO ] c.sbs.example.lolHi.LolHiApplication - The following profiles are active: local
2020-10-18 01:28:35 [INFO ] o.s.b.w.e.tomcat.TomcatWebServer - Tomcat initialized with port(s): 8085 (http)
2020-10-18 01:28:35 [INFO ] o.a.catalina.core.StandardService - Starting service [Tomcat]
2020-10-18 01:28:35 [INFO ] o.a.catalina.core.StandardEngine - Starting Servlet engine: [Apache Tomcat/9.0.38]
2020-10-18 01:28:35 [INFO ] o.a.c.c.C.[Tomcat].[localhost].[/] - Initializing Spring embedded WebApplicationContext
2020-10-18 01:28:35 [INFO ] o.s.b.w.s.c.ServletWebServerApplicationContext - Root WebApplicationContext: initialization completed in 116 ms
2020-10-18 01:28:35 [INFO ] o.s.s.c.ThreadPoolTaskExecutor - Initializing ExecutorService 'applicationTaskExecutor'
2020-10-18 01:28:35 [WARN ] o.s.b.w.s.c.AnnotationConfigServletWebServerApplicationContext - Exception encountered during context initialization - cancelling refresh attempt: org.springframework.beans.factory.BeanCreationException: Error creating bean with name 'requestMappingHandlerMapping' defined in class path resource [org/springframework/boot/autoconfigure/web/servlet/WebMvcAutoConfiguration$EnableWebMvcConfiguration.class]: Invocation of init method failed; nested exception is java.lang.IllegalStateException: Ambiguous mapping. Cannot map 'homeController' method 
com.sbs.example.lolHi.controller.usr.HomeController#showplus(int, int)
to { /usr/home/plus}: There is already 'articleController' bean method
com.sbs.example.lolHi.controller.usr.ArticleController#showplus(int, int) mapped.
2020-10-18 01:28:35 [INFO ] o.s.s.c.ThreadPoolTaskExecutor - Shutting down ExecutorService 'applicationTaskExecutor'
2020-10-18 01:28:35 [INFO ] o.a.catalina.core.StandardService - Stopping service [Tomcat]
2020-10-18 01:28:35 [INFO ] o.s.b.a.l.ConditionEvaluationReportLoggingListener - 

Error starting ApplicationContext. To display the conditions report re-run your application with 'debug' enabled.
2020-10-18 01:28:35 [ERROR] o.s.boot.SpringApplication - Application run failed
org.springframework.beans.factory.BeanCreationException: Error creating bean with name 'requestMappingHandlerMapping' defined in class path resource [org/springframework/boot/autoconfigure/web/servlet/WebMvcAutoConfiguration$EnableWebMvcConfiguration.class]: Invocation of init method failed; nested exception is java.lang.IllegalStateException: Ambiguous mapping. Cannot map 'homeController' method 
com.sbs.example.lolHi.controller.usr.HomeController#showplus(int, int)
to { /usr/home/plus}: There is already 'articleController' bean method
com.sbs.example.lolHi.controller.usr.ArticleController#showplus(int, int) mapped.
	at org.springframework.beans.factory.support.AbstractAutowireCapableBeanFactory.initializeBean(AbstractAutowireCapableBeanFactory.java:1794)
	at org.springframework.beans.factory.support.AbstractAutowireCapableBeanFactory.doCreateBean(AbstractAutowireCapableBeanFactory.java:594)
	at org.springframework.beans.factory.support.AbstractAutowireCapableBeanFactory.createBean(AbstractAutowireCapableBeanFactory.java:516)
	at org.springframework.beans.factory.support.AbstractBeanFactory.lambda$doGetBean$0(AbstractBeanFactory.java:324)
	at org.springframework.beans.factory.support.DefaultSingletonBeanRegistry.getSingleton(DefaultSingletonBeanRegistry.java:234)
	at org.springframework.beans.factory.support.AbstractBeanFactory.doGetBean(AbstractBeanFactory.java:322)
	at org.springframework.beans.factory.support.AbstractBeanFactory.getBean(AbstractBeanFactory.java:202)
	at org.springframework.beans.factory.support.DefaultListableBeanFactory.preInstantiateSingletons(DefaultListableBeanFactory.java:897)
	at org.springframework.context.support.AbstractApplicationContext.finishBeanFactoryInitialization(AbstractApplicationContext.java:879)
	at org.springframework.context.support.AbstractApplicationContext.refresh(AbstractApplicationContext.java:551)
	at org.springframework.boot.web.servlet.context.ServletWebServerApplicationContext.refresh(ServletWebServerApplicationContext.java:143)
	at org.springframework.boot.SpringApplication.refresh(SpringApplication.java:758)
	at org.springframework.boot.SpringApplication.refresh(SpringApplication.java:750)
	at org.springframework.boot.SpringApplication.refreshContext(SpringApplication.java:397)
	at org.springframework.boot.SpringApplication.run(SpringApplication.java:315)
	at org.springframework.boot.SpringApplication.run(SpringApplication.java:1237)
	at org.springframework.boot.SpringApplication.run(SpringApplication.java:1226)
	at com.sbs.example.lolHi.LolHiApplication.main(LolHiApplication.java:10)
	at java.base/jdk.internal.reflect.NativeMethodAccessorImpl.invoke0(Native Method)
	at java.base/jdk.internal.reflect.NativeMethodAccessorImpl.invoke(NativeMethodAccessorImpl.java:62)
	at java.base/jdk.internal.reflect.DelegatingMethodAccessorImpl.invoke(DelegatingMethodAccessorImpl.java:43)
	at java.base/java.lang.reflect.Method.invoke(Method.java:564)
	at org.springframework.boot.devtools.restart.RestartLauncher.run(RestartLauncher.java:49)
Caused by: java.lang.IllegalStateException: Ambiguous mapping. Cannot map 'homeController' method 
com.sbs.example.lolHi.controller.usr.HomeController#showplus(int, int)
to { /usr/home/plus}: There is already 'articleController' bean method
com.sbs.example.lolHi.controller.usr.ArticleController#showplus(int, int) mapped.
	at org.springframework.web.servlet.handler.AbstractHandlerMethodMapping$MappingRegistry.validateMethodMapping(AbstractHandlerMethodMapping.java:636)
	at org.springframework.web.servlet.handler.AbstractHandlerMethodMapping$MappingRegistry.register(AbstractHandlerMethodMapping.java:603)
	at org.springframework.web.servlet.handler.AbstractHandlerMethodMapping.registerHandlerMethod(AbstractHandlerMethodMapping.java:318)
	at org.springframework.web.servlet.mvc.method.annotation.RequestMappingHandlerMapping.registerHandlerMethod(RequestMappingHandlerMapping.java:378)
	at org.springframework.web.servlet.mvc.method.annotation.RequestMappingHandlerMapping.registerHandlerMethod(RequestMappingHandlerMapping.java:75)
	at org.springframework.web.servlet.handler.AbstractHandlerMethodMapping.lambda$detectHandlerMethods$1(AbstractHandlerMethodMapping.java:288)
	at java.base/java.util.LinkedHashMap.forEach(LinkedHashMap.java:723)
	at org.springframework.web.servlet.handler.AbstractHandlerMethodMapping.detectHandlerMethods(AbstractHandlerMethodMapping.java:286)
	at org.springframework.web.servlet.handler.AbstractHandlerMethodMapping.processCandidateBean(AbstractHandlerMethodMapping.java:258)
	at org.springframework.web.servlet.handler.AbstractHandlerMethodMapping.initHandlerMethods(AbstractHandlerMethodMapping.java:217)
	at org.springframework.web.servlet.handler.AbstractHandlerMethodMapping.afterPropertiesSet(AbstractHandlerMethodMapping.java:205)
	at org.springframework.web.servlet.mvc.method.annotation.RequestMappingHandlerMapping.afterPropertiesSet(RequestMappingHandlerMapping.java:189)
	at org.springframework.beans.factory.support.AbstractAutowireCapableBeanFactory.invokeInitMethods(AbstractAutowireCapableBeanFactory.java:1853)
	at org.springframework.beans.factory.support.AbstractAutowireCapableBeanFactory.initializeBean(AbstractAutowireCapableBeanFactory.java:1790)
	... 22 common frames omitted
2020-10-18 01:28:43 [INFO ] c.sbs.example.lolHi.LolHiApplication - Starting LolHiApplication on DESKTOP-AOHAGNP with PID 19272 (E:\work\sts-4.8.0.RELEASE-workspace\lolHi\target\classes started by lim in E:\work\sts-4.8.0.RELEASE-workspace\lolHi)
2020-10-18 01:28:43 [INFO ] c.sbs.example.lolHi.LolHiApplication - The following profiles are active: local
2020-10-18 01:28:43 [INFO ] o.s.b.w.e.tomcat.TomcatWebServer - Tomcat initialized with port(s): 8085 (http)
2020-10-18 01:28:43 [INFO ] o.a.catalina.core.StandardService - Starting service [Tomcat]
2020-10-18 01:28:43 [INFO ] o.a.catalina.core.StandardEngine - Starting Servlet engine: [Apache Tomcat/9.0.38]
2020-10-18 01:28:43 [INFO ] o.a.c.c.C.[Tomcat-1].[localhost].[/] - Initializing Spring embedded WebApplicationContext
2020-10-18 01:28:43 [INFO ] o.s.b.w.s.c.ServletWebServerApplicationContext - Root WebApplicationContext: initialization completed in 125 ms
2020-10-18 01:28:43 [INFO ] o.s.s.c.ThreadPoolTaskExecutor - Initializing ExecutorService 'applicationTaskExecutor'
2020-10-18 01:28:43 [WARN ] o.s.b.w.s.c.AnnotationConfigServletWebServerApplicationContext - Exception encountered during context initialization - cancelling refresh attempt: org.springframework.beans.factory.BeanCreationException: Error creating bean with name 'requestMappingHandlerMapping' defined in class path resource [org/springframework/boot/autoconfigure/web/servlet/WebMvcAutoConfiguration$EnableWebMvcConfiguration.class]: Invocation of init method failed; nested exception is java.lang.IllegalStateException: Ambiguous mapping. Cannot map 'homeController' method 
com.sbs.example.lolHi.controller.usr.HomeController#showplus(int, int)
to { /usr/home/plus}: There is already 'articleController' bean method
com.sbs.example.lolHi.controller.usr.ArticleController#showplus(int, int) mapped.
2020-10-18 01:28:43 [INFO ] o.s.s.c.ThreadPoolTaskExecutor - Shutting down ExecutorService 'applicationTaskExecutor'
2020-10-18 01:28:43 [INFO ] o.a.catalina.core.StandardService - Stopping service [Tomcat]
2020-10-18 01:28:43 [INFO ] o.s.b.a.l.ConditionEvaluationReportLoggingListener - 

Error starting ApplicationContext. To display the conditions report re-run your application with 'debug' enabled.
2020-10-18 01:28:43 [ERROR] o.s.boot.SpringApplication - Application run failed
org.springframework.beans.factory.BeanCreationException: Error creating bean with name 'requestMappingHandlerMapping' defined in class path resource [org/springframework/boot/autoconfigure/web/servlet/WebMvcAutoConfiguration$EnableWebMvcConfiguration.class]: Invocation of init method failed; nested exception is java.lang.IllegalStateException: Ambiguous mapping. Cannot map 'homeController' method 
com.sbs.example.lolHi.controller.usr.HomeController#showplus(int, int)
to { /usr/home/plus}: There is already 'articleController' bean method
com.sbs.example.lolHi.controller.usr.ArticleController#showplus(int, int) mapped.
	at org.springframework.beans.factory.support.AbstractAutowireCapableBeanFactory.initializeBean(AbstractAutowireCapableBeanFactory.java:1794)
	at org.springframework.beans.factory.support.AbstractAutowireCapableBeanFactory.doCreateBean(AbstractAutowireCapableBeanFactory.java:594)
	at org.springframework.beans.factory.support.AbstractAutowireCapableBeanFactory.createBean(AbstractAutowireCapableBeanFactory.java:516)
	at org.springframework.beans.factory.support.AbstractBeanFactory.lambda$doGetBean$0(AbstractBeanFactory.java:324)
	at org.springframework.beans.factory.support.DefaultSingletonBeanRegistry.getSingleton(DefaultSingletonBeanRegistry.java:234)
	at org.springframework.beans.factory.support.AbstractBeanFactory.doGetBean(AbstractBeanFactory.java:322)
	at org.springframework.beans.factory.support.AbstractBeanFactory.getBean(AbstractBeanFactory.java:202)
	at org.springframework.beans.factory.support.DefaultListableBeanFactory.preInstantiateSingletons(DefaultListableBeanFactory.java:897)
	at org.springframework.context.support.AbstractApplicationContext.finishBeanFactoryInitialization(AbstractApplicationContext.java:879)
	at org.springframework.context.support.AbstractApplicationContext.refresh(AbstractApplicationContext.java:551)
	at org.springframework.boot.web.servlet.context.ServletWebServerApplicationContext.refresh(ServletWebServerApplicationContext.java:143)
	at org.springframework.boot.SpringApplication.refresh(SpringApplication.java:758)
	at org.springframework.boot.SpringApplication.refresh(SpringApplication.java:750)
	at org.springframework.boot.SpringApplication.refreshContext(SpringApplication.java:397)
	at org.springframework.boot.SpringApplication.run(SpringApplication.java:315)
	at org.springframework.boot.SpringApplication.run(SpringApplication.java:1237)
	at org.springframework.boot.SpringApplication.run(SpringApplication.java:1226)
	at com.sbs.example.lolHi.LolHiApplication.main(LolHiApplication.java:10)
	at java.base/jdk.internal.reflect.NativeMethodAccessorImpl.invoke0(Native Method)
	at java.base/jdk.internal.reflect.NativeMethodAccessorImpl.invoke(NativeMethodAccessorImpl.java:62)
	at java.base/jdk.internal.reflect.DelegatingMethodAccessorImpl.invoke(DelegatingMethodAccessorImpl.java:43)
	at java.base/java.lang.reflect.Method.invoke(Method.java:564)
	at org.springframework.boot.devtools.restart.RestartLauncher.run(RestartLauncher.java:49)
Caused by: java.lang.IllegalStateException: Ambiguous mapping. Cannot map 'homeController' method 
com.sbs.example.lolHi.controller.usr.HomeController#showplus(int, int)
to { /usr/home/plus}: There is already 'articleController' bean method
com.sbs.example.lolHi.controller.usr.ArticleController#showplus(int, int) mapped.
	at org.springframework.web.servlet.handler.AbstractHandlerMethodMapping$MappingRegistry.validateMethodMapping(AbstractHandlerMethodMapping.java:636)
	at org.springframework.web.servlet.handler.AbstractHandlerMethodMapping$MappingRegistry.register(AbstractHandlerMethodMapping.java:603)
	at org.springframework.web.servlet.handler.AbstractHandlerMethodMapping.registerHandlerMethod(AbstractHandlerMethodMapping.java:318)
	at org.springframework.web.servlet.mvc.method.annotation.RequestMappingHandlerMapping.registerHandlerMethod(RequestMappingHandlerMapping.java:378)
	at org.springframework.web.servlet.mvc.method.annotation.RequestMappingHandlerMapping.registerHandlerMethod(RequestMappingHandlerMapping.java:75)
	at org.springframework.web.servlet.handler.AbstractHandlerMethodMapping.lambda$detectHandlerMethods$1(AbstractHandlerMethodMapping.java:288)
	at java.base/java.util.LinkedHashMap.forEach(LinkedHashMap.java:723)
	at org.springframework.web.servlet.handler.AbstractHandlerMethodMapping.detectHandlerMethods(AbstractHandlerMethodMapping.java:286)
	at org.springframework.web.servlet.handler.AbstractHandlerMethodMapping.processCandidateBean(AbstractHandlerMethodMapping.java:258)
	at org.springframework.web.servlet.handler.AbstractHandlerMethodMapping.initHandlerMethods(AbstractHandlerMethodMapping.java:217)
	at org.springframework.web.servlet.handler.AbstractHandlerMethodMapping.afterPropertiesSet(AbstractHandlerMethodMapping.java:205)
	at org.springframework.web.servlet.mvc.method.annotation.RequestMappingHandlerMapping.afterPropertiesSet(RequestMappingHandlerMapping.java:189)
	at org.springframework.beans.factory.support.AbstractAutowireCapableBeanFactory.invokeInitMethods(AbstractAutowireCapableBeanFactory.java:1853)
	at org.springframework.beans.factory.support.AbstractAutowireCapableBeanFactory.initializeBean(AbstractAutowireCapableBeanFactory.java:1790)
	... 22 common frames omitted
2020-10-18 01:30:45 [INFO ] c.sbs.example.lolHi.LolHiApplication - Starting LolHiApplication on DESKTOP-AOHAGNP with PID 19272 (E:\work\sts-4.8.0.RELEASE-workspace\lolHi\target\classes started by lim in E:\work\sts-4.8.0.RELEASE-workspace\lolHi)
2020-10-18 01:30:45 [INFO ] c.sbs.example.lolHi.LolHiApplication - The following profiles are active: local
2020-10-18 01:30:45 [INFO ] o.s.b.w.e.tomcat.TomcatWebServer - Tomcat initialized with port(s): 8085 (http)
2020-10-18 01:30:45 [INFO ] o.a.catalina.core.StandardService - Starting service [Tomcat]
2020-10-18 01:30:45 [INFO ] o.a.catalina.core.StandardEngine - Starting Servlet engine: [Apache Tomcat/9.0.38]
2020-10-18 01:30:45 [INFO ] o.a.c.c.C.[Tomcat-2].[localhost].[/] - Initializing Spring embedded WebApplicationContext
2020-10-18 01:30:45 [INFO ] o.s.b.w.s.c.ServletWebServerApplicationContext - Root WebApplicationContext: initialization completed in 136 ms
2020-10-18 01:30:45 [INFO ] o.s.s.c.ThreadPoolTaskExecutor - Initializing ExecutorService 'applicationTaskExecutor'
2020-10-18 01:30:45 [INFO ] o.s.b.d.a.OptionalLiveReloadServer - LiveReload server is running on port 35729
2020-10-18 01:30:45 [INFO ] o.s.b.w.e.tomcat.TomcatWebServer - Tomcat started on port(s): 8085 (http) with context path ''
2020-10-18 01:30:45 [INFO ] c.sbs.example.lolHi.LolHiApplication - Started LolHiApplication in 0.229 seconds (JVM running for 2758.533)
2020-10-18 01:30:45 [INFO ] o.s.b.d.a.ConditionEvaluationDeltaLoggingListener - Condition evaluation unchanged
2020-10-18 01:31:07 [INFO ] o.a.c.c.C.[Tomcat-2].[localhost].[/] - Initializing Spring DispatcherServlet 'dispatcherServlet'
2020-10-18 01:31:07 [INFO ] o.s.web.servlet.DispatcherServlet - Initializing Servlet 'dispatcherServlet'
2020-10-18 01:31:07 [INFO ] o.s.web.servlet.DispatcherServlet - Completed initialization in 1 ms
2020-10-18 01:34:26 [INFO ] o.s.s.c.ThreadPoolTaskExecutor - Shutting down ExecutorService 'applicationTaskExecutor'
2020-10-18 01:34:26 [INFO ] c.sbs.example.lolHi.LolHiApplication - Starting LolHiApplication on DESKTOP-AOHAGNP with PID 19272 (E:\work\sts-4.8.0.RELEASE-workspace\lolHi\target\classes started by lim in E:\work\sts-4.8.0.RELEASE-workspace\lolHi)
2020-10-18 01:34:26 [INFO ] c.sbs.example.lolHi.LolHiApplication - The following profiles are active: local
2020-10-18 01:34:27 [INFO ] o.s.b.w.e.tomcat.TomcatWebServer - Tomcat initialized with port(s): 8085 (http)
2020-10-18 01:34:27 [INFO ] o.a.catalina.core.StandardService - Starting service [Tomcat]
2020-10-18 01:34:27 [INFO ] o.a.catalina.core.StandardEngine - Starting Servlet engine: [Apache Tomcat/9.0.38]
2020-10-18 01:34:27 [INFO ] o.a.c.c.C.[Tomcat-2].[localhost].[/] - Initializing Spring embedded WebApplicationContext
2020-10-18 01:34:27 [INFO ] o.s.b.w.s.c.ServletWebServerApplicationContext - Root WebApplicationContext: initialization completed in 109 ms
2020-10-18 01:34:27 [INFO ] o.s.s.c.ThreadPoolTaskExecutor - Initializing ExecutorService 'applicationTaskExecutor'
2020-10-18 01:34:27 [INFO ] o.s.b.d.a.OptionalLiveReloadServer - LiveReload server is running on port 35729
2020-10-18 01:34:27 [INFO ] o.s.b.w.e.tomcat.TomcatWebServer - Tomcat started on port(s): 8085 (http) with context path ''
2020-10-18 01:34:27 [INFO ] c.sbs.example.lolHi.LolHiApplication - Started LolHiApplication in 0.18 seconds (JVM running for 2980.355)
2020-10-18 01:34:27 [INFO ] o.s.b.d.a.ConditionEvaluationDeltaLoggingListener - Condition evaluation unchanged
2020-10-18 01:40:44 [INFO ] o.s.s.c.ThreadPoolTaskExecutor - Shutting down ExecutorService 'applicationTaskExecutor'
2020-10-18 01:40:44 [INFO ] c.sbs.example.lolHi.LolHiApplication - Starting LolHiApplication on DESKTOP-AOHAGNP with PID 19272 (E:\work\sts-4.8.0.RELEASE-workspace\lolHi\target\classes started by lim in E:\work\sts-4.8.0.RELEASE-workspace\lolHi)
2020-10-18 01:40:44 [INFO ] c.sbs.example.lolHi.LolHiApplication - The following profiles are active: local
2020-10-18 01:40:44 [INFO ] o.s.b.w.e.tomcat.TomcatWebServer - Tomcat initialized with port(s): 8085 (http)
2020-10-18 01:40:44 [INFO ] o.a.catalina.core.StandardService - Starting service [Tomcat]
2020-10-18 01:40:44 [INFO ] o.a.catalina.core.StandardEngine - Starting Servlet engine: [Apache Tomcat/9.0.38]
2020-10-18 01:40:44 [INFO ] o.a.c.c.C.[Tomcat-2].[localhost].[/] - Initializing Spring embedded WebApplicationContext
2020-10-18 01:40:44 [INFO ] o.s.b.w.s.c.ServletWebServerApplicationContext - Root WebApplicationContext: initialization completed in 113 ms
2020-10-18 01:40:44 [INFO ] o.s.s.c.ThreadPoolTaskExecutor - Initializing ExecutorService 'applicationTaskExecutor'
2020-10-18 01:40:44 [INFO ] o.s.b.d.a.OptionalLiveReloadServer - LiveReload server is running on port 35729
2020-10-18 01:40:44 [INFO ] o.s.b.w.e.tomcat.TomcatWebServer - Tomcat started on port(s): 8085 (http) with context path ''
2020-10-18 01:40:44 [INFO ] c.sbs.example.lolHi.LolHiApplication - Started LolHiApplication in 0.194 seconds (JVM running for 3358.168)
2020-10-18 01:40:44 [INFO ] o.s.b.d.a.ConditionEvaluationDeltaLoggingListener - Condition evaluation unchanged
2020-10-18 01:40:52 [INFO ] o.s.s.c.ThreadPoolTaskExecutor - Shutting down ExecutorService 'applicationTaskExecutor'
2020-10-18 01:40:52 [INFO ] c.sbs.example.lolHi.LolHiApplication - Starting LolHiApplication on DESKTOP-AOHAGNP with PID 19272 (E:\work\sts-4.8.0.RELEASE-workspace\lolHi\target\classes started by lim in E:\work\sts-4.8.0.RELEASE-workspace\lolHi)
2020-10-18 01:40:52 [INFO ] c.sbs.example.lolHi.LolHiApplication - The following profiles are active: local
2020-10-18 01:40:52 [INFO ] o.s.b.w.e.tomcat.TomcatWebServer - Tomcat initialized with port(s): 8085 (http)
2020-10-18 01:40:52 [INFO ] o.a.catalina.core.StandardService - Starting service [Tomcat]
2020-10-18 01:40:52 [INFO ] o.a.catalina.core.StandardEngine - Starting Servlet engine: [Apache Tomcat/9.0.38]
2020-10-18 01:40:52 [INFO ] o.a.c.c.C.[Tomcat-2].[localhost].[/] - Initializing Spring embedded WebApplicationContext
2020-10-18 01:40:52 [INFO ] o.s.b.w.s.c.ServletWebServerApplicationContext - Root WebApplicationContext: initialization completed in 108 ms
2020-10-18 01:40:52 [INFO ] o.s.s.c.ThreadPoolTaskExecutor - Initializing ExecutorService 'applicationTaskExecutor'
2020-10-18 01:40:52 [INFO ] o.s.b.d.a.OptionalLiveReloadServer - LiveReload server is running on port 35729
2020-10-18 01:40:52 [INFO ] o.s.b.w.e.tomcat.TomcatWebServer - Tomcat started on port(s): 8085 (http) with context path ''
2020-10-18 01:40:52 [INFO ] c.sbs.example.lolHi.LolHiApplication - Started LolHiApplication in 0.18 seconds (JVM running for 3365.891)
2020-10-18 01:40:52 [INFO ] o.s.b.d.a.ConditionEvaluationDeltaLoggingListener - Condition evaluation unchanged
2020-10-18 01:41:21 [INFO ] o.s.s.c.ThreadPoolTaskExecutor - Shutting down ExecutorService 'applicationTaskExecutor'
2020-10-18 01:41:21 [INFO ] c.sbs.example.lolHi.LolHiApplication - Starting LolHiApplication on DESKTOP-AOHAGNP with PID 19272 (E:\work\sts-4.8.0.RELEASE-workspace\lolHi\target\classes started by lim in E:\work\sts-4.8.0.RELEASE-workspace\lolHi)
2020-10-18 01:41:21 [INFO ] c.sbs.example.lolHi.LolHiApplication - The following profiles are active: local
2020-10-18 01:41:21 [INFO ] o.s.b.w.e.tomcat.TomcatWebServer - Tomcat initialized with port(s): 8085 (http)
2020-10-18 01:41:21 [INFO ] o.a.catalina.core.StandardService - Starting service [Tomcat]
2020-10-18 01:41:21 [INFO ] o.a.catalina.core.StandardEngine - Starting Servlet engine: [Apache Tomcat/9.0.38]
2020-10-18 01:41:21 [INFO ] o.a.c.c.C.[Tomcat-2].[localhost].[/] - Initializing Spring embedded WebApplicationContext
2020-10-18 01:41:21 [INFO ] o.s.b.w.s.c.ServletWebServerApplicationContext - Root WebApplicationContext: initialization completed in 107 ms
2020-10-18 01:41:21 [INFO ] o.s.s.c.ThreadPoolTaskExecutor - Initializing ExecutorService 'applicationTaskExecutor'
2020-10-18 01:41:21 [INFO ] o.s.b.d.a.OptionalLiveReloadServer - LiveReload server is running on port 35729
2020-10-18 01:41:21 [INFO ] o.s.b.w.e.tomcat.TomcatWebServer - Tomcat started on port(s): 8085 (http) with context path ''
2020-10-18 01:41:21 [INFO ] c.sbs.example.lolHi.LolHiApplication - Started LolHiApplication in 0.176 seconds (JVM running for 3394.81)
2020-10-18 01:41:21 [INFO ] o.s.b.d.a.ConditionEvaluationDeltaLoggingListener - Condition evaluation unchanged
2020-10-18 01:41:28 [INFO ] o.a.c.c.C.[Tomcat-2].[localhost].[/] - Initializing Spring DispatcherServlet 'dispatcherServlet'
2020-10-18 01:41:28 [INFO ] o.s.web.servlet.DispatcherServlet - Initializing Servlet 'dispatcherServlet'
2020-10-18 01:41:28 [INFO ] o.s.web.servlet.DispatcherServlet - Completed initialization in 1 ms
2020-10-18 01:42:04 [INFO ] o.s.s.c.ThreadPoolTaskExecutor - Shutting down ExecutorService 'applicationTaskExecutor'
2020-10-18 01:42:04 [INFO ] c.sbs.example.lolHi.LolHiApplication - Starting LolHiApplication on DESKTOP-AOHAGNP with PID 19272 (E:\work\sts-4.8.0.RELEASE-workspace\lolHi\target\classes started by lim in E:\work\sts-4.8.0.RELEASE-workspace\lolHi)
2020-10-18 01:42:04 [INFO ] c.sbs.example.lolHi.LolHiApplication - The following profiles are active: local
2020-10-18 01:42:04 [INFO ] o.s.b.w.e.tomcat.TomcatWebServer - Tomcat initialized with port(s): 8085 (http)
2020-10-18 01:42:04 [INFO ] o.a.catalina.core.StandardService - Starting service [Tomcat]
2020-10-18 01:42:04 [INFO ] o.a.catalina.core.StandardEngine - Starting Servlet engine: [Apache Tomcat/9.0.38]
2020-10-18 01:42:04 [INFO ] o.a.c.c.C.[Tomcat-2].[localhost].[/] - Initializing Spring embedded WebApplicationContext
2020-10-18 01:42:04 [INFO ] o.s.b.w.s.c.ServletWebServerApplicationContext - Root WebApplicationContext: initialization completed in 121 ms
2020-10-18 01:42:04 [INFO ] o.s.s.c.ThreadPoolTaskExecutor - Initializing ExecutorService 'applicationTaskExecutor'
2020-10-18 01:42:04 [INFO ] o.s.b.d.a.OptionalLiveReloadServer - LiveReload server is running on port 35729
2020-10-18 01:42:04 [INFO ] o.s.b.w.e.tomcat.TomcatWebServer - Tomcat started on port(s): 8085 (http) with context path ''
2020-10-18 01:42:04 [INFO ] c.sbs.example.lolHi.LolHiApplication - Started LolHiApplication in 0.194 seconds (JVM running for 3437.863)
2020-10-18 01:42:04 [INFO ] o.s.b.d.a.ConditionEvaluationDeltaLoggingListener - Condition evaluation unchanged
2020-10-18 01:44:16 [INFO ] o.a.c.c.C.[Tomcat-2].[localhost].[/] - Initializing Spring DispatcherServlet 'dispatcherServlet'
2020-10-18 01:44:16 [INFO ] o.s.web.servlet.DispatcherServlet - Initializing Servlet 'dispatcherServlet'
2020-10-18 01:44:16 [INFO ] o.s.web.servlet.DispatcherServlet - Completed initialization in 1 ms
2020-10-18 01:44:35 [INFO ] o.s.s.c.ThreadPoolTaskExecutor - Shutting down ExecutorService 'applicationTaskExecutor'
2020-10-18 01:44:35 [INFO ] c.sbs.example.lolHi.LolHiApplication - Starting LolHiApplication on DESKTOP-AOHAGNP with PID 19272 (E:\work\sts-4.8.0.RELEASE-workspace\lolHi\target\classes started by lim in E:\work\sts-4.8.0.RELEASE-workspace\lolHi)
2020-10-18 01:44:35 [INFO ] c.sbs.example.lolHi.LolHiApplication - The following profiles are active: local
2020-10-18 01:44:35 [INFO ] o.s.b.w.e.tomcat.TomcatWebServer - Tomcat initialized with port(s): 8085 (http)
2020-10-18 01:44:35 [INFO ] o.a.catalina.core.StandardService - Starting service [Tomcat]
2020-10-18 01:44:35 [INFO ] o.a.catalina.core.StandardEngine - Starting Servlet engine: [Apache Tomcat/9.0.38]
2020-10-18 01:44:35 [INFO ] o.a.c.c.C.[Tomcat-2].[localhost].[/] - Initializing Spring embedded WebApplicationContext
2020-10-18 01:44:35 [INFO ] o.s.b.w.s.c.ServletWebServerApplicationContext - Root WebApplicationContext: initialization completed in 109 ms
2020-10-18 01:44:35 [INFO ] o.s.s.c.ThreadPoolTaskExecutor - Initializing ExecutorService 'applicationTaskExecutor'
2020-10-18 01:44:35 [INFO ] o.s.b.d.a.OptionalLiveReloadServer - LiveReload server is running on port 35729
2020-10-18 01:44:35 [INFO ] o.s.b.w.e.tomcat.TomcatWebServer - Tomcat started on port(s): 8085 (http) with context path ''
2020-10-18 01:44:35 [INFO ] c.sbs.example.lolHi.LolHiApplication - Started LolHiApplication in 0.181 seconds (JVM running for 3588.85)
2020-10-18 01:44:35 [INFO ] o.s.b.d.a.ConditionEvaluationDeltaLoggingListener - Condition evaluation unchanged
2020-10-18 01:44:37 [INFO ] o.a.c.c.C.[Tomcat-2].[localhost].[/] - Initializing Spring DispatcherServlet 'dispatcherServlet'
2020-10-18 01:44:37 [INFO ] o.s.web.servlet.DispatcherServlet - Initializing Servlet 'dispatcherServlet'
2020-10-18 01:44:37 [INFO ] o.s.web.servlet.DispatcherServlet - Completed initialization in 1 ms
2020-10-18 01:44:37 [WARN ] o.s.w.s.r.ResourceHttpRequestHandler - Path with "WEB-INF" or "META-INF": [WEB-INF/jsp/usr/article/list.jsp]
2020-10-18 01:44:41 [WARN ] o.s.w.s.r.ResourceHttpRequestHandler - Path with "WEB-INF" or "META-INF": [WEB-INF/jsp/usr/article/list.jsp]
2020-10-18 01:44:41 [WARN ] o.s.w.s.r.ResourceHttpRequestHandler - Path with "WEB-INF" or "META-INF": [WEB-INF/jsp/usr/article/list.jsp]
2020-10-18 01:44:41 [WARN ] o.s.w.s.r.ResourceHttpRequestHandler - Path with "WEB-INF" or "META-INF": [WEB-INF/jsp/usr/article/list.jsp]
2020-10-18 01:45:06 [WARN ] o.s.w.s.r.ResourceHttpRequestHandler - Path with "WEB-INF" or "META-INF": [WEB-INF/jsp/usr/article/list.jsp]
2020-10-18 01:45:07 [WARN ] o.s.w.s.r.ResourceHttpRequestHandler - Path with "WEB-INF" or "META-INF": [WEB-INF/jsp/usr/article/list.jsp]
2020-10-18 01:45:07 [WARN ] o.s.w.s.r.ResourceHttpRequestHandler - Path with "WEB-INF" or "META-INF": [WEB-INF/jsp/usr/article/list.jsp]
2020-10-18 01:45:08 [WARN ] o.s.w.s.r.ResourceHttpRequestHandler - Path with "WEB-INF" or "META-INF": [WEB-INF/jsp/usr/article/list.jsp]
2020-10-18 01:45:08 [WARN ] o.s.w.s.r.ResourceHttpRequestHandler - Path with "WEB-INF" or "META-INF": [WEB-INF/jsp/usr/article/list.jsp]
2020-10-18 01:45:08 [WARN ] o.s.w.s.r.ResourceHttpRequestHandler - Path with "WEB-INF" or "META-INF": [WEB-INF/jsp/usr/article/list.jsp]
2020-10-18 01:45:33 [INFO ] c.sbs.example.lolHi.LolHiApplication - Starting LolHiApplication on DESKTOP-AOHAGNP with PID 6592 (E:\work\sts-4.8.0.RELEASE-workspace\lolHi\target\classes started by lim in E:\work\sts-4.8.0.RELEASE-workspace\lolHi)
2020-10-18 01:45:33 [INFO ] c.sbs.example.lolHi.LolHiApplication - The following profiles are active: local
2020-10-18 01:45:33 [INFO ] o.s.b.d.e.DevToolsPropertyDefaultsPostProcessor - Devtools property defaults active! Set 'spring.devtools.add-properties' to 'false' to disable
2020-10-18 01:45:33 [INFO ] o.s.b.d.e.DevToolsPropertyDefaultsPostProcessor - For additional web related logging consider setting the 'logging.level.web' property to 'DEBUG'
2020-10-18 01:45:33 [WARN ] o.m.s.mapper.ClassPathMapperScanner - No MyBatis mapper was found in '[com.sbs.example.lolHi]' package. Please check your configuration.
2020-10-18 01:45:33 [INFO ] o.s.b.w.e.tomcat.TomcatWebServer - Tomcat initialized with port(s): 8085 (http)
2020-10-18 01:45:33 [INFO ] o.a.coyote.http11.Http11NioProtocol - Initializing ProtocolHandler ["http-nio-8085"]
2020-10-18 01:45:33 [INFO ] o.a.catalina.core.StandardService - Starting service [Tomcat]
2020-10-18 01:45:33 [INFO ] o.a.catalina.core.StandardEngine - Starting Servlet engine: [Apache Tomcat/9.0.38]
2020-10-18 01:45:34 [INFO ] org.apache.jasper.servlet.TldScanner - At least one JAR was scanned for TLDs yet contained no TLDs. Enable debug logging for this logger for a complete list of JARs that were scanned but no TLDs were found in them. Skipping unneeded JARs during scanning can improve startup time and JSP compilation time.
2020-10-18 01:45:34 [INFO ] o.a.c.c.C.[Tomcat].[localhost].[/] - Initializing Spring embedded WebApplicationContext
2020-10-18 01:45:34 [INFO ] o.s.b.w.s.c.ServletWebServerApplicationContext - Root WebApplicationContext: initialization completed in 933 ms
2020-10-18 01:45:34 [INFO ] o.s.s.c.ThreadPoolTaskExecutor - Initializing ExecutorService 'applicationTaskExecutor'
2020-10-18 01:45:34 [WARN ] o.s.b.d.a.OptionalLiveReloadServer - Unable to start LiveReload server
2020-10-18 01:45:34 [INFO ] o.a.coyote.http11.Http11NioProtocol - Starting ProtocolHandler ["http-nio-8085"]
2020-10-18 01:45:34 [WARN ] o.s.b.w.s.c.AnnotationConfigServletWebServerApplicationContext - Exception encountered during context initialization - cancelling refresh attempt: org.springframework.context.ApplicationContextException: Failed to start bean 'webServerStartStop'; nested exception is org.springframework.boot.web.server.PortInUseException: Port 8085 is already in use
2020-10-18 01:45:34 [INFO ] o.s.s.c.ThreadPoolTaskExecutor - Shutting down ExecutorService 'applicationTaskExecutor'
2020-10-18 01:45:34 [INFO ] o.a.coyote.http11.Http11NioProtocol - Pausing ProtocolHandler ["http-nio-8085"]
2020-10-18 01:45:34 [INFO ] o.a.catalina.core.StandardService - Stopping service [Tomcat]
2020-10-18 01:45:34 [INFO ] o.a.coyote.http11.Http11NioProtocol - Stopping ProtocolHandler ["http-nio-8085"]
2020-10-18 01:45:34 [INFO ] o.a.coyote.http11.Http11NioProtocol - Destroying ProtocolHandler ["http-nio-8085"]
2020-10-18 01:45:34 [INFO ] o.s.b.a.l.ConditionEvaluationReportLoggingListener - 

Error starting ApplicationContext. To display the conditions report re-run your application with 'debug' enabled.
2020-10-18 01:45:34 [ERROR] o.s.b.d.LoggingFailureAnalysisReporter - 

***************************
APPLICATION FAILED TO START
***************************

Description:

Web server failed to start. Port 8085 was already in use.

Action:

Identify and stop the process that's listening on port 8085 or configure this application to listen on another port.

2020-10-18 01:45:37 [WARN ] o.s.w.s.r.ResourceHttpRequestHandler - Path with "WEB-INF" or "META-INF": [WEB-INF/jsp/usr/article/list.jsp]
2020-10-18 01:45:38 [WARN ] o.s.w.s.r.ResourceHttpRequestHandler - Path with "WEB-INF" or "META-INF": [WEB-INF/jsp/usr/article/list.jsp]
2020-10-18 01:45:38 [WARN ] o.s.w.s.r.ResourceHttpRequestHandler - Path with "WEB-INF" or "META-INF": [WEB-INF/jsp/usr/article/list.jsp]
2020-10-18 01:45:38 [WARN ] o.s.w.s.r.ResourceHttpRequestHandler - Path with "WEB-INF" or "META-INF": [WEB-INF/jsp/usr/article/list.jsp]
2020-10-18 01:45:38 [WARN ] o.s.w.s.r.ResourceHttpRequestHandler - Path with "WEB-INF" or "META-INF": [WEB-INF/jsp/usr/article/list.jsp]
2020-10-18 01:45:59 [INFO ] o.s.s.c.ThreadPoolTaskExecutor - Shutting down ExecutorService 'applicationTaskExecutor'
2020-10-18 01:45:59 [INFO ] c.sbs.example.lolHi.LolHiApplication - Starting LolHiApplication on DESKTOP-AOHAGNP with PID 19272 (E:\work\sts-4.8.0.RELEASE-workspace\lolHi\target\classes started by lim in E:\work\sts-4.8.0.RELEASE-workspace\lolHi)
2020-10-18 01:45:59 [INFO ] c.sbs.example.lolHi.LolHiApplication - The following profiles are active: local
2020-10-18 01:45:59 [INFO ] o.s.b.w.e.tomcat.TomcatWebServer - Tomcat initialized with port(s): 8085 (http)
2020-10-18 01:45:59 [INFO ] o.a.catalina.core.StandardService - Starting service [Tomcat]
2020-10-18 01:45:59 [INFO ] o.a.catalina.core.StandardEngine - Starting Servlet engine: [Apache Tomcat/9.0.38]
2020-10-18 01:45:59 [INFO ] o.a.c.c.C.[Tomcat-2].[localhost].[/] - Initializing Spring embedded WebApplicationContext
2020-10-18 01:45:59 [INFO ] o.s.b.w.s.c.ServletWebServerApplicationContext - Root WebApplicationContext: initialization completed in 113 ms
2020-10-18 01:45:59 [INFO ] o.s.s.c.ThreadPoolTaskExecutor - Initializing ExecutorService 'applicationTaskExecutor'
2020-10-18 01:45:59 [INFO ] o.s.b.d.a.OptionalLiveReloadServer - LiveReload server is running on port 35729
2020-10-18 01:45:59 [INFO ] o.s.b.w.e.tomcat.TomcatWebServer - Tomcat started on port(s): 8085 (http) with context path ''
2020-10-18 01:45:59 [INFO ] c.sbs.example.lolHi.LolHiApplication - Started LolHiApplication in 0.185 seconds (JVM running for 3673.245)
2020-10-18 01:45:59 [INFO ] o.s.b.d.a.ConditionEvaluationDeltaLoggingListener - Condition evaluation unchanged
2020-10-18 01:46:00 [INFO ] o.a.c.c.C.[Tomcat-2].[localhost].[/] - Initializing Spring DispatcherServlet 'dispatcherServlet'
2020-10-18 01:46:00 [INFO ] o.s.web.servlet.DispatcherServlet - Initializing Servlet 'dispatcherServlet'
2020-10-18 01:46:00 [INFO ] o.s.web.servlet.DispatcherServlet - Completed initialization in 1 ms
2020-10-18 01:46:00 [WARN ] o.s.w.s.r.ResourceHttpRequestHandler - Path with "WEB-INF" or "META-INF": [WEB-INF/jsp/usr/article/list.jsp]
2020-10-18 01:46:01 [WARN ] o.s.w.s.r.ResourceHttpRequestHandler - Path with "WEB-INF" or "META-INF": [WEB-INF/jsp/usr/article/list.jsp]
2020-10-18 01:46:01 [WARN ] o.s.w.s.r.ResourceHttpRequestHandler - Path with "WEB-INF" or "META-INF": [WEB-INF/jsp/usr/article/list.jsp]
2020-10-18 01:46:01 [WARN ] o.s.w.s.r.ResourceHttpRequestHandler - Path with "WEB-INF" or "META-INF": [WEB-INF/jsp/usr/article/list.jsp]
2020-10-18 01:46:31 [WARN ] o.s.w.s.r.ResourceHttpRequestHandler - Path with "WEB-INF" or "META-INF": [WEB-INF/jsp/usr/article/list.jsp]
2020-10-18 01:46:32 [WARN ] o.s.w.s.r.ResourceHttpRequestHandler - Path with "WEB-INF" or "META-INF": [WEB-INF/jsp/usr/article/list.jsp]
2020-10-18 01:46:32 [WARN ] o.s.w.s.r.ResourceHttpRequestHandler - Path with "WEB-INF" or "META-INF": [WEB-INF/jsp/usr/article/list.jsp]
2020-10-18 01:46:33 [WARN ] o.s.w.s.r.ResourceHttpRequestHandler - Path with "WEB-INF" or "META-INF": [WEB-INF/jsp/usr/article/list.jsp]
2020-10-18 01:46:33 [WARN ] o.s.w.s.r.ResourceHttpRequestHandler - Path with "WEB-INF" or "META-INF": [WEB-INF/jsp/usr/article/list.jsp]
2020-10-18 01:46:33 [WARN ] o.s.w.s.r.ResourceHttpRequestHandler - Path with "WEB-INF" or "META-INF": [WEB-INF/jsp/usr/article/list.jsp]
2020-10-18 01:46:34 [WARN ] o.s.w.s.r.ResourceHttpRequestHandler - Path with "WEB-INF" or "META-INF": [WEB-INF/jsp/usr/article/list.jsp]
2020-10-18 01:46:34 [WARN ] o.s.w.s.r.ResourceHttpRequestHandler - Path with "WEB-INF" or "META-INF": [WEB-INF/jsp/usr/article/list.jsp]
2020-10-18 01:46:39 [WARN ] o.s.w.s.r.ResourceHttpRequestHandler - Path with "WEB-INF" or "META-INF": [WEB-INF/jsp/usr/article/list.jsp]
2020-10-18 01:47:25 [INFO ] o.s.s.c.ThreadPoolTaskExecutor - Shutting down ExecutorService 'applicationTaskExecutor'
2020-10-18 01:47:25 [INFO ] c.sbs.example.lolHi.LolHiApplication - Starting LolHiApplication on DESKTOP-AOHAGNP with PID 19272 (E:\work\sts-4.8.0.RELEASE-workspace\lolHi\target\classes started by lim in E:\work\sts-4.8.0.RELEASE-workspace\lolHi)
2020-10-18 01:47:25 [INFO ] c.sbs.example.lolHi.LolHiApplication - The following profiles are active: local
2020-10-18 01:47:25 [INFO ] o.s.b.w.e.tomcat.TomcatWebServer - Tomcat initialized with port(s): 8085 (http)
2020-10-18 01:47:25 [INFO ] o.a.catalina.core.StandardService - Starting service [Tomcat]
2020-10-18 01:47:25 [INFO ] o.a.catalina.core.StandardEngine - Starting Servlet engine: [Apache Tomcat/9.0.38]
2020-10-18 01:47:25 [INFO ] o.a.c.c.C.[Tomcat-2].[localhost].[/] - Initializing Spring embedded WebApplicationContext
2020-10-18 01:47:25 [INFO ] o.s.b.w.s.c.ServletWebServerApplicationContext - Root WebApplicationContext: initialization completed in 111 ms
2020-10-18 01:47:25 [INFO ] o.s.s.c.ThreadPoolTaskExecutor - Initializing ExecutorService 'applicationTaskExecutor'
2020-10-18 01:47:25 [INFO ] o.s.b.d.a.OptionalLiveReloadServer - LiveReload server is running on port 35729
2020-10-18 01:47:25 [INFO ] o.s.b.w.e.tomcat.TomcatWebServer - Tomcat started on port(s): 8085 (http) with context path ''
2020-10-18 01:47:25 [INFO ] c.sbs.example.lolHi.LolHiApplication - Started LolHiApplication in 0.177 seconds (JVM running for 3758.724)
2020-10-18 01:47:25 [INFO ] o.s.b.d.a.ConditionEvaluationDeltaLoggingListener - Condition evaluation unchanged
2020-10-18 01:48:07 [INFO ] o.a.c.c.C.[Tomcat-2].[localhost].[/] - Initializing Spring DispatcherServlet 'dispatcherServlet'
2020-10-18 01:48:07 [INFO ] o.s.web.servlet.DispatcherServlet - Initializing Servlet 'dispatcherServlet'
2020-10-18 01:48:07 [INFO ] o.s.web.servlet.DispatcherServlet - Completed initialization in 1 ms
2020-10-18 01:48:07 [WARN ] o.s.w.s.r.ResourceHttpRequestHandler - Path with "WEB-INF" or "META-INF": [WEB-INF/jsp/usr/article/list.jsp]
2020-10-18 01:48:08 [WARN ] o.s.w.s.r.ResourceHttpRequestHandler - Path with "WEB-INF" or "META-INF": [WEB-INF/jsp/usr/article/list.jsp]
2020-10-18 01:49:18 [INFO ] c.sbs.example.lolHi.LolHiApplication - Starting LolHiApplication on DESKTOP-AOHAGNP with PID 2184 (E:\work\sts-4.8.0.RELEASE-workspace\lolHi\target\classes started by lim in E:\work\sts-4.8.0.RELEASE-workspace\lolHi)
2020-10-18 01:49:18 [INFO ] c.sbs.example.lolHi.LolHiApplication - The following profiles are active: local
2020-10-18 01:49:18 [INFO ] o.s.b.d.e.DevToolsPropertyDefaultsPostProcessor - Devtools property defaults active! Set 'spring.devtools.add-properties' to 'false' to disable
2020-10-18 01:49:18 [INFO ] o.s.b.d.e.DevToolsPropertyDefaultsPostProcessor - For additional web related logging consider setting the 'logging.level.web' property to 'DEBUG'
2020-10-18 01:49:19 [WARN ] o.m.s.mapper.ClassPathMapperScanner - No MyBatis mapper was found in '[com.sbs.example.lolHi]' package. Please check your configuration.
2020-10-18 01:49:19 [INFO ] o.s.b.w.e.tomcat.TomcatWebServer - Tomcat initialized with port(s): 8085 (http)
2020-10-18 01:49:19 [INFO ] o.a.coyote.http11.Http11NioProtocol - Initializing ProtocolHandler ["http-nio-8085"]
2020-10-18 01:49:19 [INFO ] o.a.catalina.core.StandardService - Starting service [Tomcat]
2020-10-18 01:49:19 [INFO ] o.a.catalina.core.StandardEngine - Starting Servlet engine: [Apache Tomcat/9.0.38]
2020-10-18 01:49:19 [INFO ] org.apache.jasper.servlet.TldScanner - At least one JAR was scanned for TLDs yet contained no TLDs. Enable debug logging for this logger for a complete list of JARs that were scanned but no TLDs were found in them. Skipping unneeded JARs during scanning can improve startup time and JSP compilation time.
2020-10-18 01:49:19 [INFO ] o.a.c.c.C.[Tomcat].[localhost].[/] - Initializing Spring embedded WebApplicationContext
2020-10-18 01:49:19 [INFO ] o.s.b.w.s.c.ServletWebServerApplicationContext - Root WebApplicationContext: initialization completed in 913 ms
2020-10-18 01:49:19 [INFO ] o.s.s.c.ThreadPoolTaskExecutor - Initializing ExecutorService 'applicationTaskExecutor'
2020-10-18 01:49:19 [WARN ] o.s.b.d.a.OptionalLiveReloadServer - Unable to start LiveReload server
2020-10-18 01:49:19 [INFO ] o.a.coyote.http11.Http11NioProtocol - Starting ProtocolHandler ["http-nio-8085"]
2020-10-18 01:49:19 [WARN ] o.s.b.w.s.c.AnnotationConfigServletWebServerApplicationContext - Exception encountered during context initialization - cancelling refresh attempt: org.springframework.context.ApplicationContextException: Failed to start bean 'webServerStartStop'; nested exception is org.springframework.boot.web.server.PortInUseException: Port 8085 is already in use
2020-10-18 01:49:19 [INFO ] o.s.s.c.ThreadPoolTaskExecutor - Shutting down ExecutorService 'applicationTaskExecutor'
2020-10-18 01:49:19 [INFO ] o.a.coyote.http11.Http11NioProtocol - Pausing ProtocolHandler ["http-nio-8085"]
2020-10-18 01:49:19 [INFO ] o.a.catalina.core.StandardService - Stopping service [Tomcat]
2020-10-18 01:49:19 [INFO ] o.a.coyote.http11.Http11NioProtocol - Stopping ProtocolHandler ["http-nio-8085"]
2020-10-18 01:49:19 [INFO ] o.a.coyote.http11.Http11NioProtocol - Destroying ProtocolHandler ["http-nio-8085"]
2020-10-18 01:49:19 [INFO ] o.s.b.a.l.ConditionEvaluationReportLoggingListener - 

Error starting ApplicationContext. To display the conditions report re-run your application with 'debug' enabled.
2020-10-18 01:49:19 [ERROR] o.s.b.d.LoggingFailureAnalysisReporter - 

***************************
APPLICATION FAILED TO START
***************************

Description:

Web server failed to start. Port 8085 was already in use.

Action:

Identify and stop the process that's listening on port 8085 or configure this application to listen on another port.

2020-10-18 02:03:38 [INFO ] o.s.s.c.ThreadPoolTaskExecutor - Shutting down ExecutorService 'applicationTaskExecutor'
2020-10-18 02:03:38 [INFO ] c.sbs.example.lolHi.LolHiApplication - Starting LolHiApplication on DESKTOP-AOHAGNP with PID 19272 (E:\work\sts-4.8.0.RELEASE-workspace\lolHi\target\classes started by lim in E:\work\sts-4.8.0.RELEASE-workspace\lolHi)
2020-10-18 02:03:38 [INFO ] c.sbs.example.lolHi.LolHiApplication - The following profiles are active: local
2020-10-18 02:03:38 [INFO ] o.s.b.w.e.tomcat.TomcatWebServer - Tomcat initialized with port(s): 8085 (http)
2020-10-18 02:03:38 [INFO ] o.a.catalina.core.StandardService - Starting service [Tomcat]
2020-10-18 02:03:38 [INFO ] o.a.catalina.core.StandardEngine - Starting Servlet engine: [Apache Tomcat/9.0.38]
2020-10-18 02:03:38 [INFO ] o.a.c.c.C.[Tomcat-2].[localhost].[/] - Initializing Spring embedded WebApplicationContext
2020-10-18 02:03:38 [INFO ] o.s.b.w.s.c.ServletWebServerApplicationContext - Root WebApplicationContext: initialization completed in 111 ms
2020-10-18 02:03:38 [INFO ] o.s.s.c.ThreadPoolTaskExecutor - Initializing ExecutorService 'applicationTaskExecutor'
2020-10-18 02:03:38 [INFO ] o.s.b.d.a.OptionalLiveReloadServer - LiveReload server is running on port 35729
2020-10-18 02:03:38 [INFO ] o.s.b.w.e.tomcat.TomcatWebServer - Tomcat started on port(s): 8085 (http) with context path ''
2020-10-18 02:03:38 [INFO ] c.sbs.example.lolHi.LolHiApplication - Started LolHiApplication in 0.18 seconds (JVM running for 4731.607)
2020-10-18 02:03:38 [INFO ] o.s.b.d.a.ConditionEvaluationDeltaLoggingListener - Condition evaluation unchanged
2020-10-18 02:05:57 [INFO ] o.s.s.c.ThreadPoolTaskExecutor - Shutting down ExecutorService 'applicationTaskExecutor'
2020-10-18 02:05:57 [INFO ] c.sbs.example.lolHi.LolHiApplication - Starting LolHiApplication on DESKTOP-AOHAGNP with PID 19272 (E:\work\sts-4.8.0.RELEASE-workspace\lolHi\target\classes started by lim in E:\work\sts-4.8.0.RELEASE-workspace\lolHi)
2020-10-18 02:05:57 [INFO ] c.sbs.example.lolHi.LolHiApplication - The following profiles are active: local
2020-10-18 02:05:57 [INFO ] o.s.b.w.e.tomcat.TomcatWebServer - Tomcat initialized with port(s): 8085 (http)
2020-10-18 02:05:57 [INFO ] o.a.catalina.core.StandardService - Starting service [Tomcat]
2020-10-18 02:05:57 [INFO ] o.a.catalina.core.StandardEngine - Starting Servlet engine: [Apache Tomcat/9.0.38]
2020-10-18 02:05:57 [INFO ] o.a.c.c.C.[Tomcat-2].[localhost].[/] - Initializing Spring embedded WebApplicationContext
2020-10-18 02:05:57 [INFO ] o.s.b.w.s.c.ServletWebServerApplicationContext - Root WebApplicationContext: initialization completed in 115 ms
2020-10-18 02:05:57 [INFO ] o.s.s.c.ThreadPoolTaskExecutor - Initializing ExecutorService 'applicationTaskExecutor'
2020-10-18 02:05:57 [INFO ] o.s.b.d.a.OptionalLiveReloadServer - LiveReload server is running on port 35729
2020-10-18 02:05:57 [INFO ] o.s.b.w.e.tomcat.TomcatWebServer - Tomcat started on port(s): 8085 (http) with context path ''
2020-10-18 02:05:57 [INFO ] c.sbs.example.lolHi.LolHiApplication - Started LolHiApplication in 0.186 seconds (JVM running for 4870.548)
2020-10-18 02:05:57 [INFO ] o.s.b.d.a.ConditionEvaluationDeltaLoggingListener - Condition evaluation unchanged
2020-10-18 02:07:02 [INFO ] o.s.s.c.ThreadPoolTaskExecutor - Shutting down ExecutorService 'applicationTaskExecutor'
2020-10-18 02:07:02 [INFO ] c.sbs.example.lolHi.LolHiApplication - Starting LolHiApplication on DESKTOP-AOHAGNP with PID 19272 (E:\work\sts-4.8.0.RELEASE-workspace\lolHi\target\classes started by lim in E:\work\sts-4.8.0.RELEASE-workspace\lolHi)
2020-10-18 02:07:02 [INFO ] c.sbs.example.lolHi.LolHiApplication - The following profiles are active: local
2020-10-18 02:07:02 [INFO ] o.s.b.w.e.tomcat.TomcatWebServer - Tomcat initialized with port(s): 8085 (http)
2020-10-18 02:07:02 [INFO ] o.a.catalina.core.StandardService - Starting service [Tomcat]
2020-10-18 02:07:02 [INFO ] o.a.catalina.core.StandardEngine - Starting Servlet engine: [Apache Tomcat/9.0.38]
2020-10-18 02:07:02 [INFO ] o.a.c.c.C.[Tomcat-2].[localhost].[/] - Initializing Spring embedded WebApplicationContext
2020-10-18 02:07:02 [INFO ] o.s.b.w.s.c.ServletWebServerApplicationContext - Root WebApplicationContext: initialization completed in 113 ms
2020-10-18 02:07:02 [INFO ] o.s.s.c.ThreadPoolTaskExecutor - Initializing ExecutorService 'applicationTaskExecutor'
2020-10-18 02:07:02 [INFO ] o.s.b.d.a.OptionalLiveReloadServer - LiveReload server is running on port 35729
2020-10-18 02:07:02 [INFO ] o.s.b.w.e.tomcat.TomcatWebServer - Tomcat started on port(s): 8085 (http) with context path ''
2020-10-18 02:07:02 [INFO ] c.sbs.example.lolHi.LolHiApplication - Started LolHiApplication in 0.193 seconds (JVM running for 4935.798)
2020-10-18 02:07:02 [INFO ] o.s.b.d.a.ConditionEvaluationDeltaLoggingListener - Condition evaluation unchanged
